34600 - - 893971817 "GET /images/hm_bg.jpg HTTP/1.0" 200 24736
232 - - 893971853 "GET /images/hm_bg.jpg HTTP/1.0" 200 24736
282 - - 893971872 "GET /images/hm_bg.jpg HTTP/1.0" 200 24736
9719 - - 893971879 "GET /french/splash_inet.html HTTP/1.0" 200 3781
9719 - - 893971882 "GET /images/hm_nbg.jpg HTTP/1.0" 304 -
252 - - 893971887 "GET /images/hm_bg.jpg HTTP/1.0" 200 24736
9719 - - 893971889 "GET /images/hm_brdl.gif HTTP/1.0" 304 -
9719 - - 893971889 "GET /images/hm_arw.gif HTTP/1.0" 304 -
9719 - - 893971892 "GET /images/nav_bg_top.gif HTTP/1.0" 200 929
9719 - - 893971903 "GET /french/images/nav_venue_off.gif HTTP/1.0" 304 -
9719 - - 893971904 "GET /french/images/nav_hosts_off.gif HTTP/1.0" 200 1139
258 - - 893971912 "GET /images/hm_bg.jpg HTTP/1.0" 200 24736
9719 - - 893971912 "GET /french/tickets/body.html HTTP/1.0" 200 3029
376 - - 893971926 "GET /images/hm_bg.jpg HTTP/1.0" 200 24736
9719 - - 893971936 "GET /french/tickets/images/ticket_hm_header.gif HTTP/1.0" 304 -
9719 - - 893971936 "GET /french/tickets/images/ticket_hm_nav.gif HTTP/1.0" 304 -
9719 - - 893971937 "GET /images/arw_lk.gif HTTP/1.0" 304 -
9719 - - 893971950 "GET /french/tickets/tck_0804.htm HTTP/1.0" 200 14521
9719 - - 893971953 "GET /french/tickets/images/ticket_quest_bg2.jpg HTTP/1.0" 200 11324
382 - - 893971955 "GET /images/hm_bg.jpg HTTP/1.0" 200 24736
9719 - - 893971958 "GET /french/tickets/images/ticket_header.gif HTTP/1.0" 200 671
9719 - - 893971958 "GET /french/tickets/images/ticket_bu_abroad2.gif HTTP/1.0" 200 1512
9719 - - 893971958 "GET /french/tickets/images/ticket_bu_infrance2.gif HTTP/1.0" 200 1136
9719 - - 893971958 "GET /french/tickets/images/hm_f98_top.gif HTTP/1.0" 200 1647
9719 - - 893971958 "GET /french/tickets/images/ticket_bu_quest2.gif HTTP/1.0" 200 1271
9719 - - 893971972 "GET /french/news/3004bres.htm HTTP/1.0" 200 5933
9719 - - 893971978 "GET /french/images/hm_f98_top.gif HTTP/1.0" 304 -
9719 - - 893971979 "GET /images/bord_d.gif HTTP/1.0" 200 231
9719 - - 893971979 "GET /images/bord_g.gif HTTP/1.0" 200 231
269 - - 893971985 "GET /images/hm_bg.jpg HTTP/1.0" 200 24736
650 - - 893971989 "GET /images/hm_bg.jpg HTTP/1.0" 200 24736
284 - - 893972000 "GET /images/hm_bg.jpg HTTP/1.0" 200 24736
287 - - 893972009 "GET /images/hm_bg.jpg HTTP/1.0" 200 24736
55 - - 893972012 "GET /french/index.html HTTP/1.0" 200 985
285 - - 893972015 "GET /images/hm_bg.jpg HTTP/1.0" 200 24736
348 - - 893972025 "GET /images/hm_bg.jpg HTTP/1.0" 200 24736
390 - - 893972041 "GET /images/hm_bg.jpg HTTP/1.0" 200 24736
55 - - 893972044 "GET /french/index.html HTTP/1.0" 200 985
649 - - 893972064 "GET /images/hm_bg.jpg HTTP/1.0" 200 24736
679 - - 893972132 "GET /images/hm_bg.jpg HTTP/1.0" 200 24736
686 - - 893972136 "GET /images/hm_bg.jpg HTTP/1.0" 200 24736
353 - - 893972161 "GET /images/hm_bg.jpg HTTP/1.0" 200 24736
430 - - 893972173 "GET /images/hm_bg.jpg HTTP/1.0" 200 24736
377 - - 893972216 "GET /images/hm_bg.jpg HTTP/1.0" 200 24736
514 - - 893972236 "GET /images/hm_bg.jpg HTTP/1.0" 200 24736
347 - - 893972250 "GET /images/hm_bg.jpg HTTP/1.0" 200 24736
559 - - 893972259 "GET /images/hm_bg.jpg HTTP/1.0" 200 24736
398 - - 893972270 "GET /images/hm_bg.jpg HTTP/1.0" 200 24736
104 - - 893972284 "GET /images/hm_bg.jpg HTTP/1.0" 200 24736
34600 - - 893972306 "GET /images/hm_bg.jpg HTTP/1.0" 200 24736
365 - - 893972315 "GET /images/hm_bg.jpg HTTP/1.0" 200 24736
184 - - 893972323 "GET /images/hm_bg.jpg HTTP/1.0" 200 24736
55 - - 893972339 "GET /french/index.html HTTP/1.0" 200 985
56 - - 893972349 "GET /images/hm_bg.jpg HTTP/1.0" 200 24736
161 - - 893972350 "GET /images/hm_bg.jpg HTTP/1.0" 200 24736
493 - - 893972350 "GET /images/hm_bg.jpg HTTP/1.0" 200 24736
34601 - - 893972354 "GET /images/hm_bg.jpg HTTP/1.0" 200 24736
387 - - 893972362 "GET /images/hm_bg.jpg HTTP/1.0" 200 24736
55 - - 893972372 "GET /french/index.html HTTP/1.0" 200 985
34602 - - 893972382 "GET /fth.htm HTTP/1.1" 200 190
180 - - 893972393 "GET /images/hm_bg.jpg HTTP/1.0" 200 24736
176 - - 893972398 "GET /images/hm_bg.jpg HTTP/1.0" 200 24736
448 - - 893972400 "GET /images/hm_bg.jpg HTTP/1.0" 200 24736
260 - - 893972478 "GET /images/hm_bg.jpg HTTP/1.0" 200 24736
1612 - - 893972493 "GET /images/teams_hm_bg.jpg HTTP/1.0" 304 -
235 - - 893972500 "GET /images/hm_bg.jpg HTTP/1.0" 200 24736
439 - - 893972510 "GET /images/hm_bg.jpg HTTP/1.0" 200 24736
248 - - 893972518 "GET /images/hm_bg.jpg HTTP/1.0" 200 24736
249 - - 893972522 "GET /images/hm_bg.jpg HTTP/1.0" 200 24736
218 - - 893972552 "GET /images/hm_bg.jpg HTTP/1.0" 200 24736
128 - - 893972582 "GET /images/hm_bg.jpg HTTP/1.0" 200 24736
139 - - 893972605 "GET /images/hm_bg.jpg HTTP/1.0" 200 24736
55 - - 893972612 "GET /french/index.html HTTP/1.0" 200 985
505 - - 893972624 "GET /images/hm_bg.jpg HTTP/1.0" 200 24736
55 - - 893972649 "GET /french/index.html HTTP/1.0" 200 985
221 - - 893972664 "GET /images/hm_bg.jpg HTTP/1.0" 200 24736
175 - - 893972667 "GET /images/hm_bg.jpg HTTP/1.0" 200 24736
34603 - - 893972679 "GET /images/hm_bg.jpg HTTP/1.0" 200 24736
201 - - 893972704 "GET /images/hm_bg.jpg HTTP/1.0" 200 24736
273 - - 893972718 "GET /images/hm_bg.jpg HTTP/1.0" 200 24736
650 - - 893972750 "GET /images/hm_bg.jpg HTTP/1.0" 200 24736
232 - - 893972754 "GET /images/hm_bg.jpg HTTP/1.0" 200 24736
1612 - - 893972778 "GET /images/nantes.gif HTTP/1.0" 304 -
252 - - 893972785 "GET /images/hm_bg.jpg HTTP/1.0" 200 24736
376 - - 893972798 "GET /images/hm_bg.jpg HTTP/1.0" 200 24736
258 - - 893972816 "GET /images/hm_bg.jpg HTTP/1.0" 200 24736
34604 - - 893972822 "GET /french/index.html HTTP/1.0" 304 0
34604 - - 893972826 "GET /french/nav_inet.html HTTP/1.0" 304 0
34604 - - 893972826 "GET /french/splash_inet.html HTTP/1.0" 200 3781
34604 - - 893972826 "GET /french/nav_top_inet.html HTTP/1.0" 304 0
34604 - - 893972827 "GET /images/nav_bg_top.gif HTTP/1.0" 304 0
34604 - - 893972828 "GET /images/hm_nbg.jpg HTTP/1.0" 200 33665
34604 - - 893972831 "GET /images/logo_cfo.gif HTTP/1.0" 304 0
34604 - - 893972832 "GET /french/ProScroll.class HTTP/1.0" 304 0
34604 - - 893972834 "GET /images/nav_bg_bottom.jpg HTTP/1.0" 304 0
34604 - - 893972834 "GET /french/images/nav_news_off.gif HTTP/1.0" 304 0
34604 - - 893972834 "GET /french/images/nav_comp_off.gif HTTP/1.0" 304 0
34604 - - 893972838 "GET /french/images/nav_venue_off.gif HTTP/1.0" 304 0
382 - - 893972848 "GET /images/hm_bg.jpg HTTP/1.0" 200 24736
34604 - - 893972849 "GET /french/images/nav_tickets_off.gif HTTP/1.0" 304 0
34604 - - 893972851 "GET /french/news/3004bres.htm HTTP/1.0" 200 5933
34604 - - 893972851 "GET /french/images/nav_field_off.gif HTTP/1.0" 304 0
34604 - - 893972852 "GET /french/images/nav_history_off.gif HTTP/1.0" 304 0
34604 - - 893972855 "GET /images/backnews.gif HTTP/1.0" 304 0
34604 - - 893972858 "GET /french/images/nav_team_off.gif HTTP/1.0" 304 0
34604 - - 893972858 "GET /french/images/nav_store_off.gif HTTP/1.0" 304 0
34604 - - 893972858 "GET /french/images/nav_home_off.gif HTTP/1.0" 304 0
34604 - - 893972859 "GET /french/images/nav_sitemap_off.gif HTTP/1.0" 304 0
34604 - - 893972859 "GET /french/images/fpnewstop.gif HTTP/1.0" 200 1317
34604 - - 893972860 "GET /french/images/hm_f98_top.gif HTTP/1.0" 304 0
34604 - - 893972861 "GET /french/images/news_btn_letter_off.gif HTTP/1.0" 200 871
34604 - - 893972861 "GET /french/images/news_btn_press_off.gif HTTP/1.0" 200 1795
34604 - - 893972862 "GET /french/images/news_btn_kits_off.gif HTTP/1.0" 200 965
34604 - - 893972862 "GET /french/images/nav_hosts_off.gif HTTP/1.0" 304 0
34604 - - 893972862 "GET /french/images/nav_logo_sponsors.gif HTTP/1.0" 304 0
34604 - - 893972863 "GET /images/bord_d.gif HTTP/1.0" 200 231
34604 - - 893972864 "GET /images/bord_g.gif HTTP/1.0" 200 231
282 - - 893972868 "GET /images/hm_bg.jpg HTTP/1.0" 200 24736
269 - - 893972884 "GET /images/hm_bg.jpg HTTP/1.0" 200 24736
284 - - 893972900 "GET /images/hm_bg.jpg HTTP/1.0" 200 24736
34604 - - 893972900 "GET /french/news/newsprr.htm HTTP/1.0" 200 28486
34604 - - 893972905 "GET /french/images/space.gif HTTP/1.0" 304 0
34604 - - 893972906 "GET /images/space.gif HTTP/1.0" 304 0
34604 - - 893972906 "GET /french/images/news_btn_press_on.gif HTTP/1.0" 200 1757
34604 - - 893972906 "GET /images/hm_f98_top.gif HTTP/1.0" 200 915
34604 - - 893972908 "GET /french/images/news_hd_press.gif HTTP/1.0" 304 0
34604 - - 893972908 "GET /images/news_arrow.gif HTTP/1.0" 304 0
55 - - 893972912 "GET /french/index.html HTTP/1.0" 200 985
287 - - 893972924 "GET /images/hm_bg.jpg HTTP/1.0" 200 24736
348 - - 893972927 "GET /images/hm_bg.jpg HTTP/1.0" 200 24736
390 - - 893972927 "GET /images/hm_bg.jpg HTTP/1.0" 200 24736
285 - - 893972931 "GET /images/hm_bg.jpg HTTP/1.0" 200 24736
55 - - 893972938 "GET /french/index.html HTTP/1.0" 200 985
493 - - 893972953 "GET /images/hm_bg.jpg HTTP/1.0" 200 24736
34602 - - 893972996 "GET /fth.htm HTTP/1.1" 200 190
686 - - 893973049 "GET /images/hm_bg.jpg HTTP/1.0" 200 24736
679 - - 893973056 "GET /images/hm_bg.jpg HTTP/1.0" 200 24736
649 - - 893973065 "GET /images/hm_bg.jpg HTTP/1.0" 200 24736
34600 - - 893973082 "GET /images/hm_bg.jpg HTTP/1.0" 200 24736
353 - - 893973083 "GET /images/hm_bg.jpg HTTP/1.0" 200 24736
34605 - - 893973096 "GET /french/history/past_cups/argentina78.html HTTP/1.0" 200 20916
34605 - - 893973099 "GET /french/history/images/history_hm_header.gif HTTP/1.0" 200 1034
34605 - - 893973099 "GET /french/history/images/football.GIF HTTP/1.0" 200 1452
34605 - - 893973099 "GET /french/history/images/france98b.GIF HTTP/1.0" 200 915
34605 - - 893973101 "GET /french/history/images/infrance.GIF HTTP/1.0" 200 1017
34605 - - 893973101 "GET /french/history/images/reading.GIF HTTP/1.0" 200 1094
34605 - - 893973101 "GET /french/history/past_cups/images/past_bu_30_off.gif HTTP/1.0" 200 406
34605 - - 893973102 "GET /french/history/past_cups/images/past_bu_38_off.gif HTTP/1.0" 200 436
34605 - - 893973103 "GET /french/history/past_cups/images/past_bu_54_off.gif HTTP/1.0" 200 403
34605 - - 893973104 "GET /french/history/past_cups/images/past_bu_62_off.gif HTTP/1.0" 200 437
34605 - - 893973105 "GET /french/history/past_cups/images/past_bu_70_off.gif HTTP/1.0" 200 409
34605 - - 893973105 "GET /french/history/past_cups/images/past_bu_78_on.gif HTTP/1.0" 200 501
34605 - - 893973106 "GET /french/history/past_cups/images/past_bu_94_off.gif HTTP/1.0" 200 432
34605 - - 893973106 "GET /french/history/past_cups/images/past_bu_86_off.gif HTTP/1.0" 200 409
34605 - - 893973106 "GET /french/history/past_cups/images/posters/argentina78.gif HTTP/1.0" 200 4033
34605 - - 893973107 "GET /images/hist7802.jpg HTTP/1.0" 200 10813
34605 - - 893973107 "GET /french/history/past_cups/images/past_trophy2.gif HTTP/1.0" 200 443
34605 - - 893973108 "GET /french/history/past_cups/images/past_bu_50_off.gif HTTP/1.0" 200 392
34605 - - 893973108 "GET /french/history/past_cups/images/past_header.gif HTTP/1.0" 200 2077
34605 - - 893973110 "GET /french/history/past_cups/images/past_bu_66_off.gif HTTP/1.0" 200 435
34605 - - 893973111 "GET /french/history/past_cups/images/past_bu_82_off.gif HTTP/1.0" 200 433
34605 - - 893973112 "GET /french/history/past_cups/images/past_bracket_top.gif HTTP/1.0" 200 289
34605 - - 893973113 "GET /images/hist7801.jpg HTTP/1.0" 200 12855
34605 - - 893973113 "GET /french/history/past_cups/images/past_bu_74_off.gif HTTP/1.0" 200 423
34605 - - 893973113 "GET /french/history/past_cups/images/past_bu_34_off.gif HTTP/1.0" 200 397
34605 - - 893973115 "GET /french/history/past_cups/images/past_bracket_bot.gif HTTP/1.0" 200 631
34605 - - 893973117 "GET /french/history/past_cups/images/past_bu_58_off.gif HTTP/1.0" 200 397
34605 - - 893973117 "GET /french/history/past_cups/images/past_bu_90_off.gif HTTP/1.0" 200 429
34605 - - 893973117 "GET /french/history/images/thecup.GIF HTTP/1.0" 200 1036
430 - - 893973130 "GET /images/hm_bg.jpg HTTP/1.0" 200 24736
377 - - 893973132 "GET /images/hm_bg.jpg HTTP/1.0" 200 24736
347 - - 893973137 "GET /images/hm_bg.jpg HTTP/1.0" 200 24736
398 - - 893973176 "GET /images/hm_bg.jpg HTTP/1.0" 200 24736
104 - - 893973179 "GET /images/hm_bg.jpg HTTP/1.0" 200 24736
34607 - - 893973188 "GET /french/index.html HTTP/1.0" 200 985
34607 - - 893973191 "GET /french/nav_top_inet.html HTTP/1.0" 200 374
34607 - - 893973191 "GET /french/splash_inet.html HTTP/1.0" 200 3781
34607 - - 893973191 "GET /french/nav_inet.html HTTP/1.0" 200 2739
365 - - 893973192 "GET /images/hm_bg.jpg HTTP/1.0" 200 24736
34607 - - 893973193 "GET /images/nav_bg_bottom.jpg HTTP/1.0" 200 8389
34607 - - 893973193 "GET /images/logo_cfo.gif HTTP/1.0" 200 1504
34607 - - 893973193 "GET /french/images/nav_team_off.gif HTTP/1.0" 200 870
34607 - - 893973193 "GET /images/nav_bg_top.gif HTTP/1.0" 200 929
34607 - - 893973194 "GET /french/images/nav_news_off.gif HTTP/1.0" 200 855
34607 - - 893973194 "GET /french/images/nav_comp_off.gif HTTP/1.0" 200 995
34607 - - 893973198 "GET /french/images/nav_sitemap_off.gif HTTP/1.0" 200 413
34607 - - 893973200 "GET /french/images/nav_field_off.gif HTTP/1.0" 200 982
34607 - - 893973201 "GET /french/images/nav_hosts_off.gif HTTP/1.0" 200 1139
34607 - - 893973202 "GET /images/hm_nbg.jpg HTTP/1.0" 200 33665
34607 - - 893973202 "GET /images/space.gif HTTP/1.0" 200 42
34607 - - 893973203 "GET /french/images/nav_store_off.gif HTTP/1.0" 200 976
34607 - - 893973204 "GET /french/ProScroll.class HTTP/1.0" 200 6507
34607 - - 893973204 "GET /french/images/hm_official.gif HTTP/1.0" 200 972
34607 - - 893973204 "GET /french/images/nav_logo_sponsors.gif HTTP/1.0" 200 1991
34606 - - 893973204 "GET /images/space.gif HTTP/1.0" 304 -
34607 - - 893973205 "GET /french/images/nav_home_off.gif HTTP/1.0" 200 915
34607 - - 893973206 "GET /french/images/nav_history_off.gif HTTP/1.0" 200 966
34607 - - 893973208 "GET /french/images/nav_venue_off.gif HTTP/1.0" 200 945
34607 - - 893973210 "GET /french/images/nav_tickets_off.gif HTTP/1.0" 200 965
55 - - 893973211 "GET /french/index.html HTTP/1.0" 200 985
34607 - - 893973217 "GET /images/hm_anime_f.gif HTTP/1.0" 200 15529
34607 - - 893973217 "GET /images/hm_day_f.gif HTTP/1.0" 200 574
34607 - - 893973219 "GET /images/hm_brdl.gif HTTP/1.0" 200 208
34607 - - 893973221 "GET /images/hm_linkf.gif HTTP/1.0" 200 123
34607 - - 893973224 "GET /images/hm_arw.gif HTTP/1.0" 200 1050
34607 - - 893973228 "GET /images/dot.gif HTTP/1.0" 200 43
34607 - - 893973228 "GET /images/hm_brdr.gif HTTP/1.0" 200 235
34607 - - 893973231 "GET /images/info.gif HTTP/1.0" 200 1251
387 - - 893973248 "GET /images/hm_bg.jpg HTTP/1.0" 200 24736
34601 - - 893973255 "GET /images/hm_bg.jpg HTTP/1.0" 200 24736
161 - - 893973268 "GET /images/hm_bg.jpg HTTP/1.0" 200 24736
56 - - 893973268 "GET /images/hm_bg.jpg HTTP/1.0" 200 24736
176 - - 893973284 "GET /images/hm_bg.jpg HTTP/1.0" 200 24736
34607 - - 893973285 "GET /french/frntpage.htm HTTP/1.0" 200 12824
55 - - 893973288 "GET /french/index.html HTTP/1.0" 200 985
559 - - 893973290 "GET /images/hm_bg.jpg HTTP/1.0" 200 24736
34607 - - 893973291 "GET /images/backnews.gif HTTP/1.0" 200 4573
34607 - - 893973291 "GET /french/images/fpnewstop.gif HTTP/1.0" 200 1317
34607 - - 893973291 "GET /french/images/space.gif HTTP/1.0" 200 42
180 - - 893973292 "GET /images/hm_bg.jpg HTTP/1.0" 200 24736
34607 - - 893973296 "GET /images/ligne1_case5.gif HTTP/1.0" 200 1018
34607 - - 893973297 "GET /images/case5.gif HTTP/1.0" 200 1362
34607 - - 893973297 "GET /images/dburton.jpg HTTP/1.0" 200 12009
34607 - - 893973298 "GET /images/ligne.gif HTTP/1.0" 200 169
34607 - - 893973300 "GET /images/ligneb.gif HTTP/1.0" 200 169
34607 - - 893973302 "GET /images/ligneb01.gif HTTP/1.0" 200 169
34607 - - 893973302 "GET /images/ligne01.gif HTTP/1.0" 200 169
34607 - - 893973304 "GET /images/hm_f98_top.gif HTTP/1.0" 200 915
34607 - - 893973304 "GET /images/base.gif HTTP/1.0" 200 366
34607 - - 893973308 "GET /french/images/news_btn_press_off.gif HTTP/1.0" 200 1795
34607 - - 893973309 "GET /french/images/lateb_new.gif HTTP/1.0" 200 1285
34607 - - 893973309 "GET /french/images/today_new.gif HTTP/1.0" 200 869
34607 - - 893973310 "GET /images/bord_stories.gif HTTP/1.0" 200 520
34607 - - 893973311 "GET /images/ligne4_latebreak.gif HTTP/1.0" 200 1056
34607 - - 893973312 "GET /images/bord_stories01.gif HTTP/1.0" 200 333
34607 - - 893973313 "GET /french/images/archives.gif HTTP/1.0" 200 569
34607 - - 893973313 "GET /french/images/top_stories.gif HTTP/1.0" 200 1078
34607 - - 893973313 "GET /french/images/news_btn_letter_off.gif HTTP/1.0" 200 871
34607 - - 893973315 "GET /french/images/news_btn_kits_off.gif HTTP/1.0" 200 965
184 - - 893973335 "GET /images/hm_bg.jpg HTTP/1.0" 200 24736
260 - - 893973378 "GET /images/hm_bg.jpg HTTP/1.0" 200 24736
439 - - 893973410 "GET /images/hm_bg.jpg HTTP/1.0" 200 24736
249 - - 893973418 "GET /images/hm_bg.jpg HTTP/1.0" 200 24736
235 - - 893973420 "GET /images/hm_bg.jpg HTTP/1.0" 200 24736
34607 - - 893973421 "GET /french/news/3004tick.htm HTTP/1.0" 200 4234
34607 - - 893973423 "GET /french/images/hm_f98_top.gif HTTP/1.0" 200 915
34607 - - 893973424 "GET /images/ps_bdr_r.gif HTTP/1.0" 200 281
34607 - - 893973424 "GET /images/ps_bdr_l.gif HTTP/1.0" 200 346
248 - - 893973432 "GET /images/hm_bg.jpg HTTP/1.0" 200 24736
514 - - 893973459 "GET /images/hm_bg.jpg HTTP/1.0" 200 24736
218 - - 893973473 "GET /images/hm_bg.jpg HTTP/1.0" 200 24736
1072 - - 893973480 "GET /images/hm_bg.jpg HTTP/1.0" 200 24736
128 - - 893973496 "GET /images/hm_bg.jpg HTTP/1.0" 200 24736
139 - - 893973506 "GET /images/hm_bg.jpg HTTP/1.0" 200 24736
20109 - - 893973510 "GET /french/index.html HTTP/1.0" 304 0
20109 - - 893973510 "GET /french/nav_top_inet.html HTTP/1.0" 304 0
20109 - - 893973510 "GET /french/nav_inet.html HTTP/1.0" 304 0
20109 - - 893973511 "GET /french/splash_inet.html HTTP/1.0" 200 3781
505 - - 893973522 "GET /images/hm_bg.jpg HTTP/1.0" 200 24736
55 - - 893973527 "GET /french/index.html HTTP/1.0" 200 985
34607 - - 893973542 "GET /french/frntpage.htm HTTP/1.0" 200 12824
20109 - - 893973543 "GET /french/ProScroll.class HTTP/1.0" 304 0
20109 - - 893973544 "GET /french/images/nav_history_off.gif HTTP/1.0" 304 0
20109 - - 893973544 "GET /french/images/nav_store_off.gif HTTP/1.0" 304 0
20109 - - 893973544 "GET /images/nav_bg_top.gif HTTP/1.0" 200 929
20109 - - 893973544 "GET /french/images/nav_tickets_off.gif HTTP/1.0" 304 0
20109 - - 893973545 "GET /images/hm_brdr.gif HTTP/1.0" 304 0
20109 - - 893973545 "GET /images/hm_anime_f.gif HTTP/1.0" 304 0
20109 - - 893973545 "GET /images/logo_cfo.gif HTTP/1.0" 200 1504
20109 - - 893973545 "GET /images/hm_day_f.gif HTTP/1.0" 304 0
20109 - - 893973546 "GET /french/images/nav_team_off.gif HTTP/1.0" 304 0
20109 - - 893973546 "GET /images/space.gif HTTP/1.0" 304 0
20109 - - 893973546 "GET /french/images/nav_history_off.gif HTTP/1.0" 206 838
20109 - - 893973547 "GET /images/hm_brdr.gif HTTP/1.0" 206 107
20109 - - 893973548 "GET /french/images/nav_field_off.gif HTTP/1.0" 304 0
20109 - - 893973548 "GET /french/images/nav_sitemap_off.gif HTTP/1.0" 304 0
20109 - - 893973548 "GET /french/images/nav_home_off.gif HTTP/1.0" 304 0
20109 - - 893973548 "GET /images/hm_brdl.gif HTTP/1.0" 200 208
20109 - - 893973548 "GET /images/dot.gif HTTP/1.0" 304 0
20109 - - 893973549 "GET /french/images/nav_venue_off.gif HTTP/1.0" 304 0
20109 - - 893973550 "GET /french/images/nav_hosts_off.gif HTTP/1.0" 304 0
20109 - - 893973551 "GET /images/hm_linkf.gif HTTP/1.0" 304 0
20109 - - 893973551 "GET /french/images/nav_logo_sponsors.gif HTTP/1.0" 304 0
20109 - - 893973552 "GET /images/hm_arw.gif HTTP/1.0" 200 1050
20109 - - 893973552 "GET /images/info.gif HTTP/1.0" 200 1251
221 - - 893973568 "GET /images/hm_bg.jpg HTTP/1.0" 200 24736
34603 - - 893973581 "GET /images/hm_bg.jpg HTTP/1.0" 200 24736
175 - - 893973584 "GET /images/hm_bg.jpg HTTP/1.0" 200 24736
55 - - 893973584 "GET /french/index.html HTTP/1.0" 200 985
20109 - - 893973586 "GET /french/competition/maincomp.htm HTTP/1.0" 200 3048
20109 - - 893973588 "GET /images/comp_hm_brac.gif HTTP/1.0" 200 254
20109 - - 893973588 "GET /french/images/comp_bg2_hm.jpg HTTP/1.0" 200 25676
20109 - - 893973588 "GET /french/images/bar.jpg HTTP/1.0" 200 686
20109 - - 893973588 "GET /french/images/comp_hm_header_shad.gif HTTP/1.0" 200 2207
20109 - - 893973588 "GET /french/images/france98b.gif HTTP/1.0" 200 2122
20109 - - 893973589 "GET /french/images/comp_hm_nav.gif HTTP/1.0" 200 11652
20109 - - 893973590 "GET /images/comp_hm_archive.gif HTTP/1.0" 200 1644
20109 - - 893973591 "GET /french/frntpage.htm HTTP/1.0" 200 12824
20109 - - 893973592 "GET /images/backnews.gif HTTP/1.0" 304 0
20109 - - 893973592 "GET /french/images/fpnewstop.gif HTTP/1.0" 200 1317
20109 - - 893973592 "GET /french/images/space.gif HTTP/1.0" 200 42
20109 - - 893973593 "GET /french/images/news_btn_letter_off.gif HTTP/1.0" 200 871
20109 - - 893973593 "GET /images/hm_f98_top.gif HTTP/1.0" 200 915
20109 - - 893973593 "GET /images/ligneb.gif HTTP/1.0" 200 169
20109 - - 893973593 "GET /french/images/today_new.gif HTTP/1.0" 200 869
20109 - - 893973594 "GET /images/case5.gif HTTP/1.0" 200 1362
20109 - - 893973594 "GET /images/ligne.gif HTTP/1.0" 200 169
20109 - - 893973595 "GET /images/ligneb.gif HTTP/1.0" 200 169
20109 - - 893973595 "GET /images/ligne01.gif HTTP/1.0" 200 169
20109 - - 893973595 "GET /images/ligneb.gif HTTP/1.0" 200 169
20109 - - 893973595 "GET /french/images/news_btn_press_off.gif HTTP/1.0" 200 1795
20109 - - 893973596 "GET /images/ligne01.gif HTTP/1.0" 200 169
20109 - - 893973597 "GET /images/bord_stories01.gif HTTP/1.0" 200 333
20109 - - 893973597 "GET /images/dburton.jpg HTTP/1.0" 200 12009
20109 - - 893973597 "GET /images/ligne1_case5.gif HTTP/1.0" 200 1018
20109 - - 893973597 "GET /images/ligne4_latebreak.gif HTTP/1.0" 200 1056
34602 - - 893973597 "GET /fth.htm HTTP/1.1" 200 190
20109 - - 893973598 "GET /french/images/news_btn_kits_off.gif HTTP/1.0" 200 965
20109 - - 893973598 "GET /images/ligneb01.gif HTTP/1.0" 200 169
20109 - - 893973598 "GET /images/bord_stories.gif HTTP/1.0" 200 520
20109 - - 893973599 "GET /images/base.gif HTTP/1.0" 200 366
20109 - - 893973599 "GET /french/images/lateb_new.gif HTTP/1.0" 200 1285
20109 - - 893973599 "GET /images/ligneb01.gif HTTP/1.0" 200 169
20109 - - 893973599 "GET /french/images/archives.gif HTTP/1.0" 200 569
20109 - - 893973600 "GET /french/images/top_stories.gif HTTP/1.0" 200 1078
0 - - 893973602 "GET /images/home_intro.anim.gif HTTP/1.0" 200 60349
1 - - 893973603 "GET /images/home_bg_stars.gif HTTP/1.0" 200 2557
1 - - 893973603 "GET /images/home_fr_phrase.gif HTTP/1.0" 200 2843
2 - - 893973603 "GET /images/nav_bg_top.gif HTTP/1.0" 200 929
1 - - 893973603 "GET /images/home_logo.gif HTTP/1.0" 200 3401
2 - - 893973604 "GET /images/logo_cfo.gif HTTP/1.0" 200 1504
1 - - 893973604 "GET /images/home_eng_phrase.gif HTTP/1.0" 200 2861
3 - - 893973604 "GET /english/index.html HTTP/1.0" 304 0
4 - - 893973604 "GET /english/frntpage.htm HTTP/1.0" 200 12800
5 - - 893973604 "GET /images/hm_f98_top.gif HTTP/1.1" 200 915
6 - - 893973604 "GET /images/team_hm_concacaf.gif HTTP/1.0" 200 764
6 - - 893973604 "GET /images/team_hm_afc.gif HTTP/1.0" 200 475
6 - - 893973604 "GET /images/team_hm_caf.gif HTTP/1.0" 200 473
7 - - 893973605 "GET /english/playing/mascot/mascot.html HTTP/1.0" 200 5521
1 - - 893973605 "GET /images/home_tool.gif HTTP/1.0" 200 327
8 - - 893973605 "GET /english/images/comp_bu_stage1n.gif HTTP/1.0" 200 1548
8 - - 893973605 "GET /english/images/comp_bu_stage2n_on.gif HTTP/1.0" 200 996
8 - - 893973605 "GET /images/comp_stage2_brc_top.gif HTTP/1.0" 200 163
8 - - 893973605 "GET /images/comp_stage2_brc_topr.gif HTTP/1.0" 200 163
9 - - 893973605 "GET /english/history/past_cups/images/posters/france38.gif HTTP/1.0" 200 4649
3 - - 893973605 "GET /english/nav_top_inet.html HTTP/1.0" 304 0
3 - - 893973605 "GET /english/nav_inet.html HTTP/1.0" 200 2672
3 - - 893973605 "GET /english/splash_inet.html HTTP/1.0" 200 3730
9 - - 893973605 "GET /english/history/past_cups/images/38-1.jpg HTTP/1.0" 200 14315
10 - - 893973605 "GET /images/cal_nant.gif HTTP/1.0" 200 359
9 - - 893973605 "GET /english/history/past_cups/images/past_bu_38_on.gif HTTP/1.0" 200 507
8 - - 893973605 "GET /images/comp_stage2_brc_botr.gif HTTP/1.0" 200 158
8 - - 893973605 "GET /images/comp_stage2_brc_bot.gif HTTP/1.0" 200 160
8 - - 893973605 "GET /images/comp_stage2_brc.gif HTTP/1.0" 200 82
11 - - 893973605 "GET /images/comp_stage2_brc_botr.gif HTTP/1.0" 200 158
12 - - 893973605 "GET /english/nav_top_inet.html HTTP/1.0" 200 374
10 - - 893973605 "GET /images/cal_lyon.gif HTTP/1.0" 200 286
12 - - 893973605 "GET /english/nav_inet.html HTTP/1.0" 200 2672
1 - - 893973605 "GET /images/home_sponsor.gif HTTP/1.0" 200 2491
12 - - 893973605 "GET /english/splash_inet.html HTTP/1.0" 200 3730
10 - - 893973605 "GET /images/cal_mars.gif HTTP/1.0" 200 377
10 - - 893973605 "GET /images/cal-lens.gif HTTP/1.0" 304 0
10 - - 893973605 "GET /images/cal_toul.gif HTTP/1.0" 200 380
8 - - 893973606 "GET /english/competition/stage2.htm HTTP/1.0" 200 16606
12 - - 893973606 "GET /images/hm_nbg.jpg HTTP/1.0" 200 33665
10 - - 893973606 "GET /images/cal-lens.gif HTTP/1.0" 206 124
8 - - 893973606 "GET /english/images/comp_bg2_hm.jpg HTTP/1.0" 200 25676
8 - - 893973606 "GET /english/images/comp_hm_header.gif HTTP/1.0" 304 0
10 - - 893973606 "GET /images/cal_mont.gif HTTP/1.0" 200 316
8 - - 893973606 "GET /english/images/space.gif HTTP/1.0" 304 0
2 - - 893973606 "GET /english/images/nav_store_off.gif HTTP/1.0" 200 934
10 - - 893973606 "GET /images/cal_steti.gif HTTP/1.0" 200 1125
1 - - 893973606 "GET /images/home_eng_button.gif HTTP/1.0" 200 1927
5 - - 893973606 "GET /french/images/news_btn_press_off.gif HTTP/1.1" 200 1795
1 - - 893973606 "GET /images/home_intro.anim.gif HTTP/1.0" 200 60349
13 - - 893973606 "GET /english/images/comp_hm_header.gif HTTP/1.0" 200 1189
3 - - 893973606 "GET /images/nav_bg_top.gif HTTP/1.0" 304 0
14 - - 893973606 "GET /images/logo_cfo.gif HTTP/1.1" 200 1504
3 - - 893973606 "GET /images/logo_cfo.gif HTTP/1.0" 304 0
15 - - 893973606 "GET /cgi-bin/trivia/Trivia.pl?ENG HTTP/1.0" 200 6213
13 - - 893973606 "GET /english/images/france98b.gif HTTP/1.0" 200 2122
13 - - 893973606 "GET /english/images/comp_bu_stage1n.gif HTTP/1.0" 200 1548
16 - - 893973606 "GET /images/s102336.gif HTTP/1.0" 200 177
17 - - 893973606 "GET /english/history/images/france98b.GIF HTTP/1.0" 200 915
17 - - 893973606 "GET /english/history/images/football.GIF HTTP/1.0" 200 1170
18 - - 893973606 "GET /english/competition/headtohead78.htm HTTP/1.0" 200 20126
3 - - 893973606 "GET /english/images/nav_tickets_off.gif HTTP/1.0" 304 0
12 - - 893973606 "GET /images/hm_anime_e.gif HTTP/1.0" 200 15609
17 - - 893973606 "GET /english/history/images/infrance.GIF HTTP/1.0" 200 990
19 - - 893973606 "GET /english/images/nav_news_off.gif HTTP/1.0" 200 853
20109 - - 893973606 "GET /french/images/hm_f98_top.gif HTTP/1.0" 304 0
20109 - - 893973606 "GET /images/ps_bdr_r.gif HTTP/1.0" 304 0
20109 - - 893973606 "GET /french/news/3004tick.htm HTTP/1.0" 200 4234
20109 - - 893973606 "GET /images/ps_bdr_l.gif HTTP/1.0" 304 0
12 - - 893973607 "GET /images/logo_cfo.gif HTTP/1.0" 200 1504
19 - - 893973607 "GET /english/images/nav_comp_off.gif HTTP/1.0" 200 994
3 - - 893973607 "GET /images/nav_bg_bottom.jpg HTTP/1.0" 200 8389
19 - - 893973607 "GET /images/nav_bg_bottom.jpg HTTP/1.0" 200 8389
8 - - 893973607 "GET /english/images/france98b.gif HTTP/1.0" 200 2122
3 - - 893973607 "GET /english/images/nav_news_off.gif HTTP/1.0" 304 0
3 - - 893973607 "GET /english/images/nav_comp_off.gif HTTP/1.0" 304 0
1 - - 893973607 "GET /images/home_fr_button.gif HTTP/1.0" 200 2140
12 - - 893973607 "GET /images/space.gif HTTP/1.0" 200 42
3 - - 893973607 "GET /english/images/nav_team_off.gif HTTP/1.0" 304 0
3 - - 893973607 "GET /english/images/nav_venue_off.gif HTTP/1.0" 304 0
12 - - 893973607 "GET /english/images/hm_official.gif HTTP/1.0" 200 1807
12 - - 893973607 "GET /english/ProScroll.class HTTP/1.0" 200 6507
20 - - 893973607 "GET /images/10982.gif HTTP/1.0" 200 183
20 - - 893973607 "GET /images/11101.gif HTTP/1.0" 200 415
0 - - 893973607 "GET /images/home_sponsor.gif HTTP/1.0" 200 2491
5 - - 893973607 "GET /french/images/space.gif HTTP/1.1" 200 42
5 - - 893973607 "GET /french/images/fpnewstop.gif HTTP/1.1" 200 1317
13 - - 893973607 "GET /english/images/comp_bu_stage2n.gif HTTP/1.0" 200 984
2 - - 893973607 "GET /english/images/nav_sitemap_off.gif HTTP/1.0" 200 416
13 - - 893973607 "GET /english/images/comp_bu_groupsn_on.gif HTTP/1.0" 200 963
20 - - 893973607 "GET /images/bordeaux.gif HTTP/1.0" 200 723
10 - - 893973607 "GET /images/cal_bord.gif HTTP/1.0" 200 416
2 - - 893973607 "GET /english/images/nav_venue_off.gif HTTP/1.0" 200 870
15 - - 893973607 "GET /english/playing/images/trivia/banner.jpg HTTP/1.0" 200 19967
15 - - 893973607 "GET /english/playing/images/trivia/01test.gif HTTP/1.0" 200 1664
8 - - 893973607 "GET /english/images/comp_bu_stage2n_on.gif HTTP/1.0" 304 0
8 - - 893973608 "GET /english/images/comp_bu_refsn.gif HTTP/1.0" 304 0
15 - - 893973608 "GET /english/playing/images/trivia/quizbg.gif HTTP/1.0" 200 1460
20 - - 893973608 "GET /images/lyon.gif HTTP/1.0" 200 599
12 - - 893973608 "GET /images/hm_day_e.gif HTTP/1.0" 200 499
12 - - 893973608 "GET /images/info.gif HTTP/1.0" 200 1251
12 - - 893973608 "GET /english/images/nav_team_off.gif HTTP/1.0" 200 776
2 - - 893973608 "GET /images/space.gif HTTP/1.0" 200 42
12 - - 893973608 "GET /images/nav_bg_bottom.jpg HTTP/1.0" 200 8389
2 - - 893973608 "GET /english/images/hm_official.gif HTTP/1.0" 200 1807
12 - - 893973608 "GET /english/images/nav_comp_off.gif HTTP/1.0" 200 994
21 - - 893973608 "GET /english/news/11415.htm HTTP/1.1" 200 21300
8 - - 893973608 "GET /images/comp_stage2_brc_top.gif HTTP/1.0" 304 0
12 - - 893973608 "GET /english/images/nav_field_off.gif HTTP/1.0" 200 1005
17 - - 893973608 "GET /english/history/images/reading.GIF HTTP/1.0" 200 1171
22 - - 893973608 "GET /english/teams/teamqualify124.htm HTTP/1.0" 200 3866
23 - - 893973608 "GET / HTTP/1.0" 200 8712
24 - - 893973608 "GET /images/space.gif HTTP/1.0" 304 0
24 - - 893973609 "GET /english/playing/images/anim/trivia_on.gif HTTP/1.0" 304 0
5 - - 893973609 "GET /french/images/today_new.gif HTTP/1.1" 200 869
20 - - 893973609 "GET /images/saintdenis.gif HTTP/1.0" 200 702
24 - - 893973609 "GET /english/playing/images/play_hm_mascot.gif HTTP/1.0" 304 0
5 - - 893973609 "GET /french/images/top_stories.gif HTTP/1.1" 200 1078
5 - - 893973609 "GET /images/case5.gif HTTP/1.1" 200 1362
17 - - 893973609 "GET /english/history/past_cups/images/past_bu_30_off.gif HTTP/1.0" 200 406
20 - - 893973609 "GET /images/toulouse.gif HTTP/1.0" 200 704
25 - - 893973609 "GET /images/home_bg_stars.gif HTTP/1.1" 200 2557
26 - - 893973609 "GET /english/images/nav_field_off.gif HTTP/1.0" 200 1005
27 - - 893973609 "GET /english/images/teams_bu_group_on.gif HTTP/1.0" 200 668
13 - - 893973609 "GET /english/images/comp_bu_refsn.gif HTTP/1.0" 200 933
28 - - 893973609 "GET /english/individuals/player13893.htm HTTP/1.0" 200 6472
13 - - 893973609 "GET /english/images/comp_bu_calendar.gif HTTP/1.0" 200 1197
23 - - 893973610 "GET /images/home_fr_phrase.gif HTTP/1.0" 200 2843
12 - - 893973610 "GET /images/nav_bg_top.gif HTTP/1.0" 200 929
23 - - 893973610 "GET /images/home_logo.gif HTTP/1.0" 200 3401
15 - - 893973610 "GET /english/playing/images/trivia/02how.gif HTTP/1.0" 200 754
23 - - 893973610 "GET /images/home_eng_phrase.gif HTTP/1.0" 200 2861
23 - - 893973610 "GET /images/home_tool.gif HTTP/1.0" 200 327
29 - - 893973610 "GET /images/10511.jpg HTTP/1.0" 200 15543
20 - - 893973610 "GET /images/11289.jpg HTTP/1.0" 200 6444
12 - - 893973610 "GET /english/images/nav_logo_sponsors.gif HTTP/1.0" 200 1991
12 - - 893973610 "GET /images/hm_brdl.gif HTTP/1.0" 200 208
23 - - 893973610 "GET /images/home_sponsor.gif HTTP/1.0" 200 2491
20 - - 893973610 "GET /images/11288.jpg HTTP/1.0" 200 5874
23 - - 893973610 "GET /images/home_eng_button.gif HTTP/1.0" 200 1927
23 - - 893973610 "GET /images/home_fr_button.gif HTTP/1.0" 200 2140
8 - - 893973610 "GET /images/comp_stage2_brc.gif HTTP/1.0" 304 0
5 - - 893973610 "GET /images/dburton.jpg HTTP/1.1" 200 12009
2 - - 893973610 "GET /images/hm_anime_e.gif HTTP/1.0" 200 15609
12 - - 893973610 "GET /images/hm_brdr.gif HTTP/1.0" 200 235
12 - - 893973610 "GET /english/images/nav_news_off.gif HTTP/1.0" 200 853
15 - - 893973610 "GET /english/playing/images/trivia/04luck.gif HTTP/1.0" 200 744
23 - - 893973610 "GET /images/home_intro.anim.gif HTTP/1.0" 200 60349
2 - - 893973610 "GET /english/ProScroll.class HTTP/1.0" 200 6507
5 - - 893973610 "GET /images/bord_stories01.gif HTTP/1.1" 200 333
12 - - 893973610 "GET /english/images/nav_venue_off.gif HTTP/1.0" 200 870
30 - - 893973611 "GET /english/playing/download/download.html HTTP/1.0" 200 13898
2 - - 893973611 "GET /english/images/nav_hosts_off.gif HTTP/1.0" 200 914
16 - - 893973611 "GET /images/s102373.gif HTTP/1.0" 200 142
3 - - 893973611 "GET /images/hm_day_e.gif HTTP/1.0" 200 499
3 - - 893973611 "GET /images/hm_nbg.jpg HTTP/1.0" 200 33665
12 - - 893973611 "GET /english/images/nav_tickets_off.gif HTTP/1.0" 200 937
3 - - 893973611 "GET /images/space.gif HTTP/1.0" 304 0
3 - - 893973611 "GET /english/images/hm_official.gif HTTP/1.0" 304 0
5 - - 893973611 "GET /images/bord_stories.gif HTTP/1.1" 200 520
3 - - 893973611 "GET /images/space.gif HTTP/1.0" 304 0
31 - - 893973611 "GET /english/images/nav_store_off.gif HTTP/1.1" 200 934
15 - - 893973611 "GET /english/playing/images/trivia/03score.gif HTTP/1.0" 200 572
3 - - 893973611 "GET /english/images/nav_store_off.gif HTTP/1.0" 304 0
31 - - 893973611 "GET /english/images/nav_hosts_off.gif HTTP/1.1" 200 914
32 - - 893973611 "GET /images/home_intro.anim.gif HTTP/1.1" 200 60349
12 - - 893973612 "GET /english/images/nav_sitemap_off.gif HTTP/1.0" 200 416
12 - - 893973612 "GET /images/hm_linkf.gif HTTP/1.0" 200 123
12 - - 893973612 "GET /english/images/nav_history_off.gif HTTP/1.0" 200 914
12 - - 893973612 "GET /images/hm_arw.gif HTTP/1.0" 200 1050
12 - - 893973612 "GET /english/images/nav_hosts_off.gif HTTP/1.0" 200 914
15 - - 893973612 "GET /english/playing/images/trivia/submit.gif HTTP/1.0" 200 1808
17 - - 893973612 "GET /english/history/past_cups/images/past_header.gif HTTP/1.0" 200 1989
12 - - 893973612 "GET /english/images/nav_store_off.gif HTTP/1.0" 200 934
23 - - 893973612 "GET /english/index.html HTTP/1.0" 200 892
12 - - 893973612 "GET /images/dot.gif HTTP/1.0" 200 43
5 - - 893973612 "GET /french/images/lateb_new.gif HTTP/1.1" 200 1285
19 - - 893973612 "GET /english/images/nav_field_off.gif HTTP/1.0" 200 1005
25 - - 893973612 "GET /images/home_eng_phrase.gif HTTP/1.1" 200 2861
19 - - 893973612 "GET /english/images/nav_venue_off.gif HTTP/1.0" 200 870
23 - - 893973612 "GET /english/nav_top_inet.html HTTP/1.0" 200 374
23 - - 893973612 "GET /english/nav_inet.html HTTP/1.0" 200 2672
33 - - 893973612 "GET /images/home_fr_button.gif HTTP/1.1" 200 2140
25 - - 893973613 "GET /images/home_fr_button.gif HTTP/1.1" 200 2140
23 - - 893973613 "GET /images/nav_bg_bottom.jpg HTTP/1.0" 200 8389
17 - - 893973613 "GET /english/history/images/thecup.GIF HTTP/1.0" 200 1293
17 - - 893973613 "GET /english/history/past_cups/images/past_bu_34_off.gif HTTP/1.0" 200 397
23 - - 893973613 "GET /english/images/nav_team_off.gif HTTP/1.0" 200 776
12 - - 893973613 "GET /english/images/nav_home_off.gif HTTP/1.0" 200 828
16 - - 893973613 "GET /images/s102338.gif HTTP/1.0" 200 138
17 - - 893973613 "GET /english/history/past_cups/images/past_bu_38_off.gif HTTP/1.0" 200 436
3 - - 893973613 "GET /english/images/nav_sitemap_off.gif HTTP/1.0" 304 0
23 - - 893973613 "GET /english/images/nav_comp_off.gif HTTP/1.0" 200 994
20 - - 893973613 "GET /images/11103.gif HTTP/1.0" 200 513
3 - - 893973613 "GET /english/images/nav_field_off.gif HTTP/1.0" 304 0
23 - - 893973613 "GET /english/ProScroll.class HTTP/1.0" 200 6507
3 - - 893973613 "GET /english/images/nav_hosts_off.gif HTTP/1.0" 304 0
23 - - 893973613 "GET /english/images/nav_store_off.gif HTTP/1.0" 200 934
3 - - 893973613 "GET /english/ProScroll.class HTTP/1.0" 304 0
34 - - 893973613 "GET /english/playing/body.html HTTP/1.0" 200 5033
19 - - 893973613 "GET /english/images/nav_hosts_off.gif HTTP/1.0" 200 914
3 - - 893973613 "GET /images/hm_brdl.gif HTTP/1.0" 200 208
35 - - 893973614 "GET / HTTP/1.0" 200 8712
36 - - 893973614 "GET /english/frntpage.htm HTTP/1.0" 200 12800
23 - - 893973614 "GET /english/images/nav_venue_off.gif HTTP/1.0" 200 870
23 - - 893973614 "GET /images/space.gif HTTP/1.0" 200 42
23 - - 893973614 "GET /english/images/nav_sitemap_off.gif HTTP/1.0" 200 416
20 - - 893973614 "GET /images/marseille.gif HTTP/1.0" 200 722
5 - - 893973614 "GET /images/ligne4_latebreak.gif HTTP/1.1" 200 1056
23 - - 893973614 "GET /images/hm_linkf.gif HTTP/1.0" 200 123
23 - - 893973614 "GET /english/images/nav_field_off.gif HTTP/1.0" 200 1005
23 - - 893973614 "GET /english/images/nav_tickets_off.gif HTTP/1.0" 200 937
23 - - 893973614 "GET /english/images/nav_history_off.gif HTTP/1.0" 200 914
24 - - 893973614 "GET /cgi-bin/trivia/Trivia.pl?ENG HTTP/1.0" 200 6228
5 - - 893973614 "GET /images/ligneb01.gif HTTP/1.1" 200 169
12 - - 893973614 "GET /english/tickets/body.html HTTP/1.0" 200 2925
23 - - 893973614 "GET /english/images/nav_hosts_off.gif HTTP/1.0" 200 914
17 - - 893973614 "GET /english/history/past_cups/images/past_bu_50_on.gif HTTP/1.0" 200 455
23 - - 893973614 "GET /images/hm_anime_e.gif HTTP/1.0" 200 15609
3 - - 893973614 "GET /english/images/nav_history_off.gif HTTP/1.0" 304 0
37 - - 893973614 "GET /french/competition/schedule.htm HTTP/1.0" 200 49256
3 - - 893973614 "GET /images/hm_brdr.gif HTTP/1.0" 304 0
26 - - 893973614 "GET /english/images/nav_history_off.gif HTTP/1.0" 200 914
10728 - - 893973614 "GET / HTTP/1.0" 200 8749
10728 - - 893973615 "GET /images/home_tool.gif HTTP/1.0" 200 327
19 - - 893973615 "GET /english/images/nav_home_off.gif HTTP/1.0" 200 828
17 - - 893973615 "GET /english/history/past_cups/images/past_bu_58_off.gif HTTP/1.0" 200 397
12 - - 893973615 "GET /english/tickets/images/ticket_hm_bg.jpg HTTP/1.0" 200 20929
12 - - 893973615 "GET /english/tickets/images/ticket_hm_header.gif HTTP/1.0" 200 1226
12 - - 893973615 "GET /english/tickets/images/ticket_hm_nav.gif HTTP/1.0" 200 11253
12 - - 893973615 "GET /images/arw_red_lk.gif HTTP/1.0" 200 1068
23 - - 893973615 "GET /english/images/nav_home_off.gif HTTP/1.0" 200 828
23 - - 893973615 "GET /english/images/nav_logo_sponsors.gif HTTP/1.0" 200 1991
21 - - 893973615 "GET /english/images/news_hm_header.gif HTTP/1.1" 200 527
21 - - 893973615 "GET /images/bg_generic.jpg HTTP/1.1" 200 21127
38 - - 893973615 "GET /english/teams/teamgroup.htm HTTP/1.0" 200 11971
21 - - 893973615 "GET /english/images/space.gif HTTP/1.1" 200 42
23 - - 893973615 "GET /images/info.gif HTTP/1.0" 200 1251
34 - - 893973615 "GET /english/playing/images/play_hm_bg_opt1.jpg HTTP/1.0" 200 44502
5 - - 893973615 "GET /images/ligne.gif HTTP/1.1" 200 169
3 - - 893973615 "GET /english/images/nav_logo_sponsors.gif HTTP/1.0" 304 0
12 - - 893973615 "GET /images/arw_lk.gif HTTP/1.0" 200 669
19 - - 893973615 "GET /english/images/nav_history_off.gif HTTP/1.0" 200 914
35 - - 893973615 "GET /images/home_bg_stars.gif HTTP/1.0" 200 2557
23 - - 893973616 "GET /images/hm_brdl.gif HTTP/1.0" 200 208
5 - - 893973616 "GET /french/images/news_btn_kits_off.gif HTTP/1.1" 200 965
23 - - 893973616 "GET /images/space.gif HTTP/1.0" 200 42
23 - - 893973616 "GET /english/images/hm_official.gif HTTP/1.0" 200 1807
23 - - 893973616 "GET /images/hm_arw.gif HTTP/1.0" 200 1050
19 - - 893973616 "GET /english/images/nav_sitemap_off.gif HTTP/1.0" 200 416
17 - - 893973616 "GET /english/history/past_cups/images/past_bu_62_off.gif HTTP/1.0" 200 437
23 - - 893973616 "GET /images/hm_day_e.gif HTTP/1.0" 200 499
17 - - 893973616 "GET /english/history/past_cups/images/past_bu_66_off.gif HTTP/1.0" 200 435
17 - - 893973616 "GET /english/history/past_cups/images/past_bu_70_off.gif HTTP/1.0" 200 409
39 - - 893973616 "GET /english/history/images/history_hm_header.gif HTTP/1.1" 200 688
39 - - 893973616 "GET /english/history/images/history_hm_posters.jpg HTTP/1.1" 200 33296
201 - - 893973616 "GET /images/hm_bg.jpg HTTP/1.0" 200 24736
25 - - 893973617 "GET /images/home_eng_button.gif HTTP/1.1" 200 1927
23 - - 893973617 "GET /images/dot.gif HTTP/1.0" 200 43
17 - - 893973617 "GET /english/history/past_cups/images/past_bu_74_off.gif HTTP/1.0" 200 423
1 - - 893973617 "GET /english/index.html HTTP/1.0" 200 892
5 - - 893973617 "GET /images/ligneb.gif HTTP/1.1" 200 169
35 - - 893973617 "GET /images/home_eng_phrase.gif HTTP/1.0" 200 2861
35 - - 893973617 "GET /images/home_fr_button.gif HTTP/1.0" 200 2140
35 - - 893973617 "GET /images/home_tool.gif HTTP/1.0" 200 327
35 - - 893973617 "GET /images/home_sponsor.gif HTTP/1.0" 200 2491
35 - - 893973617 "GET /images/home_eng_button.gif HTTP/1.0" 200 1927
17 - - 893973617 "GET /english/history/past_cups/images/past_bu_78_off.gif HTTP/1.0" 200 427
16 - - 893973617 "GET /english/images/team_group_header_d.gif HTTP/1.0" 200 646
17 - - 893973618 "GET /english/history/past_cups/images/past_bu_82_off.gif HTTP/1.0" 200 433
40 - - 893973618 "GET /english/history/past_cups/italy34.html HTTP/1.1" 200 13022
17 - - 893973618 "GET /english/history/past_cups/images/past_bu_86_off.gif HTTP/1.0" 200 409
19 - - 893973618 "GET /english/images/nav_store_off.gif HTTP/1.0" 200 934
1 - - 893973618 "GET /english/index.html HTTP/1.0" 200 892
37 - - 893973618 "GET /french/images/space.gif HTTP/1.0" 200 42
19 - - 893973618 "GET /english/images/nav_tickets_off.gif HTTP/1.0" 200 937
19 - - 893973618 "GET /english/images/nav_logo_sponsors.gif HTTP/1.0" 200 1991
8 - - 893973618 "GET /english/images/comp_bu_groupsn_on.gif HTTP/1.0" 200 963
22 - - 893973618 "GET /english/images/team_bu_detail2.gif HTTP/1.0" 200 1438
17 - - 893973618 "GET /english/history/past_cups/images/past_bu_90_off.gif HTTP/1.0" 200 429
38 - - 893973618 "GET /english/images/teams_bu_group_on.gif HTTP/1.0" 200 668
20 - - 893973619 "GET /images/nantes.gif HTTP/1.0" 200 677
16 - - 893973619 "GET /images/s102326.gif HTTP/1.0" 200 248
17 - - 893973619 "GET /english/history/past_cups/images/past_bu_94_off.gif HTTP/1.0" 200 432
1 - - 893973619 "GET /english/nav_top_inet.html HTTP/1.0" 200 374
17 - - 893973619 "GET /english/history/past_cups/images/past_bracket_top.gif HTTP/1.0" 200 289
20 - - 893973619 "GET /images/saintetienne.gif HTTP/1.0" 200 761
20 - - 893973619 "GET /images/11287.jpg HTTP/1.0" 200 6431
17 - - 893973620 "GET /english/history/past_cups/images/posters/brasil50.gif HTTP/1.0" 200 5003
20 - - 893973620 "GET /images/lens.gif HTTP/1.0" 200 582
17 - - 893973620 "GET /english/history/past_cups/images/past_bracket_bot.gif HTTP/1.0" 200 631
17 - - 893973620 "GET /english/history/past_cups/images/past_trophy.gif HTTP/1.0" 200 800
41 - - 893973620 "GET /images/col.gif HTTP/1.0" 304 -
17 - - 893973621 "GET /english/history/past_cups/images/50-1.jpg HTTP/1.0" 200 15314
1 - - 893973621 "GET /images/hm_nbg.jpg HTTP/1.0" 304 0
40 - - 893973621 "GET /english/history/past_cups/images/past_bu_30_off.gif HTTP/1.1" 200 406
40 - - 893973621 "GET /english/history/past_cups/images/past_bu_34_on.gif HTTP/1.1" 200 474
16 - - 893973621 "GET /images/s102477.gif HTTP/1.0" 200 214
26 - - 893973621 "GET /english/images/nav_hosts_off.gif HTTP/1.0" 200 914
26 - - 893973621 "GET /english/images/nav_store_off.gif HTTP/1.0" 200 934
8 - - 893973621 "GET /english/teams/teamgroup.htm HTTP/1.0" 200 11971
38 - - 893973621 "GET /images/s102325.gif HTTP/1.0" 200 187
15 - - 893973622 "GET /english/playing/links.html HTTP/1.0" 200 18694
40 - - 893973622 "GET /english/history/past_cups/images/34-1.jpg HTTP/1.1" 200 14275
8 - - 893973622 "GET /images/teams_hm_bg.jpg HTTP/1.0" 200 18794
42 - - 893973622 "GET /english/frntpage.htm HTTP/1.0" 200 12800
25 - - 893973622 "GET /images/home_sponsor.gif HTTP/1.1" 200 2491
8 - - 893973622 "GET /english/images/team_group_header_a.gif HTTP/1.0" 200 639
8 - - 893973622 "GET /english/images/teams_bu_group_on.gif HTTP/1.0" 200 668
8 - - 893973622 "GET /english/images/teams_bu_confed_off.gif HTTP/1.0" 200 1105
43 - - 893973622 "GET /english/individuals/player111722.htm HTTP/1.0" 200 6523
20 - - 893973623 "GET /images/montpellier.gif HTTP/1.0" 200 728
12 - - 893973623 "GET /english/tickets/out_france.html HTTP/1.0" 200 6143
20 - - 893973623 "GET /images/11105.gif HTTP/1.0" 200 114
12 - - 893973623 "GET /english/tickets/images/ticket_quest_bg2.jpg HTTP/1.0" 200 11324
12 - - 893973623 "GET /english/tickets/images/ticket_header.gif HTTP/1.0" 200 453
12 - - 893973623 "GET /english/tickets/images/hm_f98_top.gif HTTP/1.0" 200 1647
21 - - 893973623 "GET /english/images/news_bu_press_off.gif HTTP/1.1" 200 847
44 - - 893973623 "GET /english/teams/teambio169.htm HTTP/1.1" 200 11157
38 - - 893973623 "GET /images/s102327.gif HTTP/1.0" 200 97
21 - - 893973623 "GET /english/images/news_bu_letter_off.gif HTTP/1.1" 200 940
45 - - 893973623 "GET /english/frntpage.htm HTTP/1.1" 200 12800
32 - - 893973623 "GET /english/nav_inet.html HTTP/1.1" 200 2672
15 - - 893973623 "GET /english/playing/images/backg.gif HTTP/1.0" 200 1462
15 - - 893973623 "GET /english/playing/images/play_header.gif HTTP/1.0" 200 2262
20 - - 893973623 "GET /images/paris_off.gif HTTP/1.0" 200 658
8 - - 893973623 "GET /images/teams_hm_bracket.gif HTTP/1.0" 200 655
8 - - 893973624 "GET /english/images/team_group_header_c.gif HTTP/1.0" 200 670
29 - - 893973624 "GET /images/32t49811.jpg HTTP/1.0" 200 4753
37 - - 893973624 "GET /images/cal-lens.gif HTTP/1.0" 200 284
40 - - 893973624 "GET /english/history/past_cups/images/posters/italy34.gif HTTP/1.1" 200 4474
12 - - 893973624 "GET /english/tickets/images/ticket_bu_quest2.gif HTTP/1.0" 200 1201
38 - - 893973624 "GET /images/s102424.gif HTTP/1.0" 200 164
20 - - 893973624 "GET /images/11102.gif HTTP/1.0" 200 417
15 - - 893973624 "GET /english/playing/images/france98b.GIF HTTP/1.0" 200 597
39 - - 893973624 "GET /english/history/images/france98b.GIF HTTP/1.1" 200 915
39 - - 893973624 "GET /english/history/images/football.GIF HTTP/1.1" 200 1170
46 - - 893973624 "GET /english/venues/venues/saint-denis.html HTTP/1.0" 200 22760
12 - - 893973625 "GET /english/tickets/images/ticket_bu_abroad2_on.gif HTTP/1.0" 200 2020
47 - - 893973625 "GET / HTTP/1.0" 200 8712
12 - - 893973625 "GET /english/tickets/images/ticket_abroad_header.gif HTTP/1.0" 200 3606
15 - - 893973625 "GET /english/playing/images/mascots.GIF HTTP/1.0" 200 1275
44 - - 893973625 "GET /images/10512.jpg HTTP/1.1" 200 17227
44 - - 893973625 "GET /images/32t49809.jpg HTTP/1.1" 200 5623
32 - - 893973625 "GET /images/nav_bg_bottom.jpg HTTP/1.1" 200 8389
12 - - 893973625 "GET /english/tickets/images/ticket_bu_infrance2.gif HTTP/1.0" 200 1134
43 - - 893973625 "GET /images/32p49815.jpg HTTP/1.0" 200 11735
43 - - 893973625 "GET /english/images/team_bu_detail_off.gif HTTP/1.0" 200 918
44 - - 893973625 "GET /images/esp.gif HTTP/1.1" 200 1892
38 - - 893973625 "GET /english/images/team_group_header_a.gif HTTP/1.0" 200 639
48 - - 893973625 "GET /english/help/site.html HTTP/1.0" 200 7697
15 - - 893973625 "GET /english/playing/images/downloads.GIF HTTP/1.0" 200 1294
37 - - 893973626 "GET /french/images/comp_bu_stage1n.gif HTTP/1.0" 200 1547
25 - - 893973626 "GET /french/index.html HTTP/1.1" 200 954
21 - - 893973626 "GET /english/images/news_bu_kits_off.gif HTTP/1.1" 200 1027
15 - - 893973626 "GET /english/playing/images/links_on.GIF HTTP/1.0" 200 1393
15 - - 893973626 "GET /english/playing/images/trivia.GIF HTTP/1.0" 200 999
0 - - 893973626 "GET /english/index.html HTTP/1.0" 200 892
32 - - 893973626 "GET /english/nav_top_inet.html HTTP/1.1" 200 374
46 - - 893973627 "GET /english/venues/cities/images/denis/venue_denn_bg.jpg HTTP/1.0" 304 -
8 - - 893973627 "GET /english/images/team_hm_header_shad.gif HTTP/1.0" 200 1379
46 - - 893973627 "GET /images/11295.jpg HTTP/1.0" 304 -
46 - - 893973627 "GET /images/11294.jpg HTTP/1.0" 304 -
8 - - 893973627 "GET /english/images/team_group_header_b.gif HTTP/1.0" 200 665
38 - - 893973627 "GET /images/s102330.gif HTTP/1.0" 200 259
15 - - 893973627 "GET /english/playing/images/banner2.gif HTTP/1.0" 200 15328
49 - - 893973627 "GET /english/news/2704nevi.htm HTTP/1.0" 200 3132
38 - - 893973627 "GET /english/images/team_group_header_b.gif HTTP/1.0" 200 665
15 - - 893973627 "GET /english/playing/images/fifa_logo_sm.gif HTTP/1.0" 200 2900
39 - - 893973627 "GET /english/history/images/infrance.GIF HTTP/1.1" 200 990
34607 - - 893973627 "GET /french/news/3004bres.htm HTTP/1.0" 200 5933
50 - - 893973628 "GET /english/playing/download/images/big.bird.gif HTTP/1.0" 304 0
8 - - 893973628 "GET /english/images/team_group_header_e.gif HTTP/1.0" 200 643
41 - - 893973629 "GET /english/images/team_bu_detail_on.gif HTTP/1.0" 304 -
30 - - 893973629 "GET /english/playing/mascot/images/misc.gif HTTP/1.0" 200 2997
8 - - 893973629 "GET /english/images/team_group_header_g.gif HTTP/1.0" 200 641
38 - - 893973629 "GET /images/s102382.gif HTTP/1.0" 200 102
12 - - 893973629 "GET /english/tickets/10484.htm HTTP/1.0" 200 16722
8 - - 893973629 "GET /english/images/team_group_header_h.gif HTTP/1.0" 200 628
12 - - 893973629 "GET /english/tickets/images/ticket_bu_abroad2.gif HTTP/1.0" 200 1486
12 - - 893973630 "GET /images/11103.gif HTTP/1.0" 200 513
8 - - 893973630 "GET /english/images/team_group_header_d.gif HTTP/1.0" 200 646
5 - - 893973630 "GET /french/images/archives.gif HTTP/1.1" 200 569
39 - - 893973630 "GET /english/history/images/reading.GIF HTTP/1.1" 200 1171
32 - - 893973630 "GET /english/ProScroll.class HTTP/1.1" 200 6507
8 - - 893973630 "GET /english/images/team_group_header_f.gif HTTP/1.0" 200 631
26 - - 893973630 "GET /english/images/nav_sitemap_off.gif HTTP/1.0" 200 416
34607 - - 893973630 "GET /images/bord_g.gif HTTP/1.0" 200 231
34607 - - 893973630 "GET /images/bord_d.gif HTTP/1.0" 200 231
12 - - 893973631 "GET /images/10982.gif HTTP/1.0" 200 183
38 - - 893973631 "GET /images/s102373.gif HTTP/1.0" 200 142
38 - - 893973631 "GET /images/s102328.gif HTTP/1.0" 200 236
39 - - 893973631 "GET /english/history/past_cups/images/past_header.gif HTTP/1.1" 200 1989
51 - - 893973631 "GET /english/teams/teambio160.htm HTTP/1.1" 200 11097
38 - - 893973631 "GET /english/images/team_group_header_f.gif HTTP/1.0" 200 631
52 - - 893973631 "GET /english/member/body.html HTTP/1.1" 200 5097
10 - - 893973632 "GET /english/competition/stage2.htm HTTP/1.0" 200 16606
0 - - 893973632 "GET /english/nav_top_inet.html HTTP/1.0" 200 374
53 - - 893973632 "GET /english/competition/headtohead75.htm HTTP/1.1" 200 5152
25 - - 893973632 "GET /french/nav_top_inet.html HTTP/1.1" 200 374
0 - - 893973632 "GET /english/nav_inet.html HTTP/1.0" 200 2672
0 - - 893973632 "GET /english/splash_inet.html HTTP/1.0" 200 3730
39 - - 893973632 "GET /english/history/images/history_hm_header.gif HTTP/1.1" 200 688
47 - - 893973632 "GET /english/index.html HTTP/1.0" 304 0
37 - - 893973632 "GET /images/cal_nant.gif HTTP/1.0" 200 359
37 - - 893973632 "GET /images/cal_stdenis.gif HTTP/1.0" 200 402
41 - - 893973632 "GET /images/32t49807.jpg HTTP/1.0" 304 -
32 - - 893973633 "GET /english/images/nav_news_off.gif HTTP/1.1" 200 853
38 - - 893973633 "GET /images/s102320.gif HTTP/1.0" 200 259
42 - - 893973633 "GET /images/backnews.gif HTTP/1.0" 200 4573
38 - - 893973633 "GET /images/s102438.gif HTTP/1.0" 200 297
54 - - 893973633 "GET /english/playing/download/images/big.bird.gif HTTP/1.0" 200 4870
0 - - 893973633 "GET /english/images/nav_news_off.gif HTTP/1.0" 200 853
38 - - 893973633 "GET /images/s102329.gif HTTP/1.0" 200 159
10 - - 893973633 "GET /images/comp_stage2_brc_bot.gif HTTP/1.0" 200 160
26 - - 893973634 "GET /english/images/nav_home_off.gif HTTP/1.0" 200 828
0 - - 893973634 "GET /images/space.gif HTTP/1.0" 200 42
41 - - 893973634 "GET /english/images/team_hm_header.gif HTTP/1.0" 304 -
32 - - 893973634 "GET /english/images/nav_team_off.gif HTTP/1.1" 200 776
38 - - 893973634 "GET /english/images/team_group_header_c.gif HTTP/1.0" 200 670
52 - - 893973634 "GET /english/member/images/submit.gif HTTP/1.1" 200 447
12 - - 893973634 "GET /images/10981.gif HTTP/1.0" 200 173
39 - - 893973634 "GET /english/history/past_cups/images/past_bu_34_off.gif HTTP/1.1" 200 397
38 - - 893973634 "GET /images/s102377.gif HTTP/1.0" 200 173
12 - - 893973634 "GET /images/11116.gif HTTP/1.0" 200 667
26 - - 893973635 "GET /english/images/nav_logo_sponsors.gif HTTP/1.0" 200 1991
12 - - 893973635 "GET /images/11106.gif HTTP/1.0" 200 114
12 - - 893973635 "GET /images/11105.gif HTTP/1.0" 200 114
12 - - 893973635 "GET /images/11102.gif HTTP/1.0" 200 417
39 - - 893973635 "GET /english/history/past_cups/images/past_bu_38_off.gif HTTP/1.1" 200 436
38 - - 893973635 "GET /english/images/team_group_header_h.gif HTTP/1.0" 200 628
25 - - 893973635 "GET /images/nav_bg_top.gif HTTP/1.1" 200 929
52 - - 893973635 "GET / HTTP/1.1" 200 8712
12 - - 893973635 "GET /images/11101.gif HTTP/1.0" 200 415
32 - - 893973635 "GET /english/images/nav_venue_off.gif HTTP/1.1" 200 870
55 - - 893973636 "GET / HTTP/1.0" 200 8712
56 - - 893973636 "GET /images/home_intro.anim.gif HTTP/1.0" 200 60349
38 - - 893973636 "GET /images/s102443.gif HTTP/1.0" 200 165
46 - - 893973636 "GET /images/paris.gif HTTP/1.0" 304 -
38 - - 893973636 "GET /images/s140875.gif HTTP/1.0" 200 184
37 - - 893973636 "GET /images/cal_bord.gif HTTP/1.0" 200 416
37 - - 893973636 "GET /images/cal_steti.gif HTTP/1.0" 200 1125
37 - - 893973636 "GET /images/cal_mont.gif HTTP/1.0" 200 316
51 - - 893973636 "GET /images/32t49813.jpg HTTP/1.1" 200 4714
2 - - 893973636 "GET /english/images/hm_f98_top.gif HTTP/1.0" 200 915
23 - - 893973637 "GET /english/tickets/body.html HTTP/1.0" 200 2925
52 - - 893973637 "GET /english/member/images/cfologo.gif HTTP/1.1" 200 2820
52 - - 893973637 "GET /english/member/images/member_header.jpg HTTP/1.1" 200 10457
32 - - 893973637 "GET /english/news/3004bres.htm HTTP/1.1" 200 5765
38 - - 893973637 "GET /images/s102386.gif HTTP/1.0" 200 279
41 - - 893973637 "GET /images/news_hm_arw.gif HTTP/1.0" 304 -
39 - - 893973637 "GET /english/history/past_cups/images/past_bu_54_off.gif HTTP/1.1" 200 403
38 - - 893973637 "GET /images/s102326.gif HTTP/1.0" 200 248
23 - - 893973637 "GET /english/tickets/images/ticket_hm_bg.jpg HTTP/1.0" 200 20929
23 - - 893973637 "GET /english/tickets/images/ticket_hm_header.gif HTTP/1.0" 200 1226
23 - - 893973637 "GET /english/tickets/images/ticket_hm_nav.gif HTTP/1.0" 200 11253
33 - - 893973638 "GET /images/home_tool.gif HTTP/1.1" 200 327
38 - - 893973638 "GET /english/competition/maincomp.htm HTTP/1.0" 304 0
46 - - 893973638 "GET /images/11291.jpg HTTP/1.0" 304 -
47 - - 893973638 "GET /english/ProScroll.class HTTP/1.0" 304 0
39 - - 893973638 "GET /english/history/past_cups/images/past_bu_58_off.gif HTTP/1.1" 200 397
25 - - 893973639 "GET /french/images/nav_news_off.gif HTTP/1.1" 200 855
57 - - 893973639 "GET /images/hm_f98_top.gif HTTP/1.0" 200 915
47 - - 893973639 "GET /english/images/nav_field_off.gif HTTP/1.0" 304 0
58 - - 893973639 "GET /images/logo_cfo.gif HTTP/1.0" 200 1504
57 - - 893973639 "GET /images/ligne1_case5.gif HTTP/1.0" 200 1018
57 - - 893973639 "GET /english/images/top_stories.gif HTTP/1.0" 200 1210
47 - - 893973640 "GET /images/hm_arw.gif HTTP/1.0" 200 1050
47 - - 893973640 "GET /images/hm_linkf.gif HTTP/1.0" 304 0
38 - - 893973640 "GET /english/images/team_hm_header_shad.gif HTTP/1.0" 200 1379
38 - - 893973640 "GET /english/images/comp_hm_nav.gif HTTP/1.0" 304 0
25 - - 893973641 "GET /french/images/nav_venue_off.gif HTTP/1.1" 200 945
47 - - 893973641 "GET /images/info.gif HTTP/1.0" 304 0
59 - - 893973641 "GET /english/news/2704leag.htm HTTP/1.0" 200 4801
60 - - 893973641 "GET /images/10531.jpg HTTP/1.0" 200 16554
47 - - 893973641 "GET /english/images/nav_hosts_off.gif HTTP/1.0" 304 0
47 - - 893973641 "GET /images/dot.gif HTTP/1.0" 304 0
47 - - 893973641 "GET /english/images/nav_home_off.gif HTTP/1.0" 304 0
47 - - 893973641 "GET /images/hm_day_e.gif HTTP/1.0" 304 0
47 - - 893973641 "GET /english/images/nav_store_off.gif HTTP/1.0" 304 0
61 - - 893973642 "GET /english/venues/cities/montpellier.html HTTP/1.0" 200 9686
62 - - 893973642 "GET /english/playing/links.html HTTP/1.0" 200 18694
23 - - 893973642 "GET /images/arw_lk.gif HTTP/1.0" 200 669
63 - - 893973642 "GET /images/home_bg_stars.gif HTTP/1.0" 200 2557
63 - - 893973642 "GET /images/home_fr_phrase.gif HTTP/1.0" 200 2843
63 - - 893973642 "GET /images/home_logo.gif HTTP/1.0" 200 3401
47 - - 893973642 "GET /english/images/nav_tickets_off.gif HTTP/1.0" 304 0
47 - - 893973642 "GET /english/images/nav_team_off.gif HTTP/1.0" 304 0
46 - - 893973642 "GET /images/sdffr.gif HTTP/1.0" 304 -
47 - - 893973642 "GET /english/images/nav_history_off.gif HTTP/1.0" 304 0
39 - - 893973642 "GET /english/history/past_cups/images/past_bu_62_off.gif HTTP/1.1" 200 437
39 - - 893973642 "GET /english/history/past_cups/images/past_bu_66_off.gif HTTP/1.1" 200 435
64 - - 893973643 "GET /images/home_tool.gif HTTP/1.0" 200 327
38 - - 893973643 "GET /english/images/comp_hm_nav.gif HTTP/1.0" 206 10902
25 - - 893973643 "GET /french/images/nav_tickets_off.gif HTTP/1.1" 200 965
57 - - 893973643 "GET /images/case5.gif HTTP/1.0" 200 1362
65 - - 893973643 "GET /english/index.html HTTP/1.0" 200 892
30 - - 893973643 "GET /english/playing/mascot/images/button.03.gif HTTP/1.0" 200 893
57 - - 893973643 "GET /images/bord_stories.gif HTTP/1.0" 200 520
57 - - 893973643 "GET /images/bord_stories01.gif HTTP/1.0" 200 333
65 - - 893973644 "GET /english/nav_inet.html HTTP/1.0" 200 2672
65 - - 893973644 "GET /english/splash_inet.html HTTP/1.0" 200 3730
39 - - 893973644 "GET /english/history/past_cups/images/past_bu_70_off.gif HTTP/1.1" 200 409
65 - - 893973644 "GET /images/nav_bg_bottom.jpg HTTP/1.0" 200 8389
65 - - 893973644 "GET /english/images/nav_team_off.gif HTTP/1.0" 200 776
6 - - 893973644 "GET /french/venues/body.html HTTP/1.0" 200 2042
65 - - 893973644 "GET /english/images/nav_news_off.gif HTTP/1.0" 200 853
65 - - 893973644 "GET /images/nav_bg_top.gif HTTP/1.0" 200 929
64 - - 893973644 "GET /images/home_sponsor.gif HTTP/1.0" 200 2491
65 - - 893973644 "GET /images/logo_cfo.gif HTTP/1.0" 200 1504
65 - - 893973644 "GET /images/hm_nbg.jpg HTTP/1.0" 200 33665
65 - - 893973644 "GET /english/images/nav_comp_off.gif HTTP/1.0" 200 994
66 - - 893973644 "GET / HTTP/1.0" 200 8712
62 - - 893973644 "GET /english/playing/images/backg.gif HTTP/1.0" 200 1462
67 - - 893973644 "GET /english/individuals/player389.htm HTTP/1.0" 200 7001
47 - - 893973644 "GET /english/teams/teamgroup.htm HTTP/1.0" 200 11971
7 - - 893973645 "GET /english/playing/images/play_header.gif HTTP/1.0" 200 2262
30 - - 893973645 "GET /english/playing/mascot/images/footix.test.gif HTTP/1.0" 200 20385
6 - - 893973645 "GET /french/venues/images/Venue_map_mid_off.gif HTTP/1.0" 200 9911
25 - - 893973645 "GET /french/images/nav_field_off.gif HTTP/1.1" 200 982
64 - - 893973645 "GET /images/home_intro.anim.gif HTTP/1.0" 200 60349
6 - - 893973645 "GET /french/venues/images/Venue_map_top_off.gif HTTP/1.0" 200 8369
6 - - 893973645 "GET /french/venues/images/venue_hm_nav.gif HTTP/1.0" 200 7644
68 - - 893973645 "GET /english/venues/cities/images/montpellier/venue_mont_header.jpg HTTP/1.0" 200 11562
69 - - 893973645 "GET /english/history/history_of/images/cup/cup.gif HTTP/1.0" 200 5469
34 - - 893973645 "GET /english/history/body.html HTTP/1.0" 200 2909
70 - - 893973645 "GET /english/venues/cities/images/marseille/mars_c.gif HTTP/1.0" 200 369
64 - - 893973646 "GET /images/home_fr_button.gif HTTP/1.0" 200 2140
66 - - 893973646 "GET / HTTP/1.0" 200 8712
6 - - 893973646 "GET /french/venues/images/Venue_map_bot_off.gif HTTP/1.0" 200 7397
71 - - 893973646 "GET /english/teams/teambio148.htm HTTP/1.0" 200 10857
72 - - 893973646 "GET / HTTP/1.0" 200 8712
39 - - 893973646 "GET /english/history/past_cups/images/past_bu_78_off.gif HTTP/1.1" 200 427
67 - - 893973646 "GET /images/102373.gif HTTP/1.0" 200 1703
47 - - 893973646 "GET /english/images/teams_bu_group_on.gif HTTP/1.0" 304 0
67 - - 893973646 "GET /images/32p49804.jpg HTTP/1.0" 200 11023
47 - - 893973646 "GET /english/images/teams_bu_confed_off.gif HTTP/1.0" 304 0
71 - - 893973647 "GET /images/32t49812.jpg HTTP/1.0" 200 4132
71 - - 893973647 "GET /images/ger.gif HTTP/1.0" 200 1603
39 - - 893973647 "GET /english/history/past_cups/images/past_bu_82_off.gif HTTP/1.1" 200 433
25 - - 893973647 "GET /french/images/nav_store_off.gif HTTP/1.1" 200 976
65 - - 893973647 "GET /images/space.gif HTTP/1.0" 200 42
65 - - 893973647 "GET /english/images/hm_official.gif HTTP/1.0" 200 1807
47 - - 893973647 "GET /images/s102325.gif HTTP/1.0" 304 0
65 - - 893973647 "GET /images/space.gif HTTP/1.0" 200 42
47 - - 893973647 "GET /english/images/team_group_header_a.gif HTTP/1.0" 304 0
65 - - 893973647 "GET /english/images/nav_field_off.gif HTTP/1.0" 200 1005
65 - - 893973647 "GET /english/images/nav_history_off.gif HTTP/1.0" 200 914
65 - - 893973648 "GET /english/ProScroll.class HTTP/1.0" 200 6507
47 - - 893973648 "GET /images/s102424.gif HTTP/1.0" 304 0
39 - - 893973648 "GET /english/history/past_cups/images/past_bu_86_off.gif HTTP/1.1" 200 409
47 - - 893973648 "GET /images/s102487.gif HTTP/1.0" 304 0
65 - - 893973648 "GET /english/images/nav_hosts_off.gif HTTP/1.0" 200 914
65 - - 893973648 "GET /images/hm_brdl.gif HTTP/1.0" 200 208
73 - - 893973648 "GET / HTTP/1.1" 304 0
62 - - 893973648 "GET /english/playing/images/links_on.GIF HTTP/1.0" 200 1393
62 - - 893973648 "GET /english/playing/images/banner2.gif HTTP/1.0" 200 15328
66 - - 893973648 "GET /images/home_bg_stars.gif HTTP/1.0" 200 2557
57 - - 893973648 "GET /english/images/lateb_new.gif HTTP/1.0" 200 1431
47 - - 893973648 "GET /images/s102477.gif HTTP/1.0" 304 0
65 - - 893973648 "GET /english/images/nav_sitemap_off.gif HTTP/1.0" 200 416
65 - - 893973648 "GET /english/images/nav_logo_sponsors.gif HTTP/1.0" 200 1991
47 - - 893973648 "GET /english/images/team_group_header_e.gif HTTP/1.0" 304 0
65 - - 893973648 "GET /images/hm_linkf.gif HTTP/1.0" 200 123
65 - - 893973649 "GET /images/info.gif HTTP/1.0" 200 1251
74 - - 893973649 "GET / HTTP/1.0" 304 -
75 - - 893973649 "GET /english/competition/stage2.htm HTTP/1.0" 200 16606
47 - - 893973649 "GET /images/s102324.gif HTTP/1.0" 304 0
25 - - 893973649 "GET /french/images/nav_sitemap_off.gif HTTP/1.1" 200 413
65 - - 893973649 "GET /images/hm_day_e.gif HTTP/1.0" 200 499
14 - - 893973649 "GET /images/home_bg_stars.gif HTTP/1.1" 200 2557
47 - - 893973649 "GET /images/s102376.gif HTTP/1.0" 304 0
40 - - 893973649 "GET /english/history/past_cups/france38.html HTTP/1.1" 200 12669
73 - - 893973649 "GET /images/home_fr_phrase.gif HTTP/1.1" 200 2843
73 - - 893973649 "GET /images/home_intro.anim.gif HTTP/1.1" 200 60349
65 - - 893973649 "GET /images/hm_brdr.gif HTTP/1.0" 200 235
65 - - 893973649 "GET /english/images/nav_store_off.gif HTTP/1.0" 200 934
76 - - 893973649 "GET /english/competition/stage1.htm HTTP/1.1" 200 36783
65 - - 893973649 "GET /images/hm_arw.gif HTTP/1.0" 200 1050
53 - - 893973649 "GET /english/competition/headtohead76.htm HTTP/1.1" 200 16909
65 - - 893973649 "GET /images/dot.gif HTTP/1.0" 200 43
2 - - 893973649 "GET /english/images/nav_history_off.gif HTTP/1.0" 200 914
73 - - 893973649 "GET /images/home_eng_phrase.gif HTTP/1.1" 200 2861
2 - - 893973650 "GET /english/images/nav_field_off.gif HTTP/1.0" 200 1005
66 - - 893973650 "GET /images/home_fr_phrase.gif HTTP/1.0" 200 2843
1 - - 893973650 "GET /english/images/hm_official.gif HTTP/1.0" 200 1807
1 - - 893973650 "GET /images/nav_bg_top.gif HTTP/1.0" 200 929
66 - - 893973650 "GET /images/home_intro.anim.gif HTTP/1.0" 200 60349
1 - - 893973650 "GET /images/logo_cfo.gif HTTP/1.0" 200 1504
1 - - 893973650 "GET /images/space.gif HTTP/1.0" 200 42
77 - - 893973650 "GET /english/images/france98b.gif HTTP/1.0" 200 2122
1 - - 893973650 "GET /english/ProScroll.class HTTP/1.0" 200 6507
77 - - 893973650 "GET /english/images/space.gif HTTP/1.0" 200 42
57 - - 893973650 "GET /images/ligne4_latebreak.gif HTTP/1.0" 200 1056
47 - - 893973650 "GET /images/s102373.gif HTTP/1.0" 304 0
47 - - 893973650 "GET /images/s102443.gif HTTP/1.0" 304 0
232 - - 893973650 "GET /images/hm_bg.jpg HTTP/1.0" 200 24736
66 - - 893973651 "GET /images/home_eng_phrase.gif HTTP/1.0" 200 2861
75 - - 893973651 "GET /english/images/comp_bu_stage2n_on.gif HTTP/1.0" 200 996
57 - - 893973651 "GET /images/ligneb.gif HTTP/1.0" 200 169
39 - - 893973651 "GET /english/history/past_cups/images/past_bu_94_off.gif HTTP/1.1" 200 432
77 - - 893973651 "GET /english/images/comp_bu_stage1n.gif HTTP/1.0" 200 1548
47 - - 893973651 "GET /images/s140875.gif HTTP/1.0" 304 0
47 - - 893973651 "GET /images/s102321.gif HTTP/1.0" 304 0
6 - - 893973651 "GET /french/venues/cities/images/denis/venue_denn_bg.jpg HTTP/1.0" 200 21003
6 - - 893973651 "GET /french/venues/images/venue_header.gif HTTP/1.0" 200 740
75 - - 893973651 "GET /images/comp_stage2_brc_top.gif HTTP/1.0" 200 163
75 - - 893973651 "GET /images/comp_stage2_brc_topr.gif HTTP/1.0" 304 -
25 - - 893973651 "GET /images/hm_nbg.jpg HTTP/1.1" 200 33665
6 - - 893973651 "GET /french/venues/images/venue_bu_city_on.gif HTTP/1.0" 200 1061
66 - - 893973651 "GET /images/home_tool.gif HTTP/1.0" 200 327
47 - - 893973651 "GET /english/images/team_group_header_g.gif HTTP/1.0" 304 0
47 - - 893973651 "GET /images/s102357.gif HTTP/1.0" 304 0
75 - - 893973651 "GET /images/comp_stage2_brc_bot.gif HTTP/1.0" 200 160
69 - - 893973651 "GET /english/history/history_of/images/cup/coup_du_mondtxt.gif HTTP/1.0" 200 5053
73 - - 893973651 "GET /images/home_fr_button.gif HTTP/1.1" 200 2140
1 - - 893973651 "GET /images/nav_bg_bottom.jpg HTTP/1.0" 200 8389
1 - - 893973651 "GET /english/images/nav_news_off.gif HTTP/1.0" 200 853
1 - - 893973651 "GET /english/images/nav_comp_off.gif HTTP/1.0" 200 994
47 - - 893973651 "GET /english/images/team_hm_header_shad.gif HTTP/1.0" 304 0
47 - - 893973652 "GET /english/images/team_group_header_c.gif HTTP/1.0" 304 0
78 - - 893973652 "GET /english/venues/cities/images/montpellier/12eglise.jpg HTTP/1.0" 200 3035
47 - - 893973652 "GET /images/s102383.gif HTTP/1.0" 304 0
6 - - 893973652 "GET /french/venues/cities/images/denis/12maisons.jpg HTTP/1.0" 200 2559
75 - - 893973652 "GET /images/comp_stage2_brc_botr.gif HTTP/1.0" 200 158
6 - - 893973652 "GET /french/venues/cities/images/denis/denis_a.gif HTTP/1.0" 200 520
70 - - 893973652 "GET /english/venues/cities/images/montpellier/17mystery.gif HTTP/1.0" 200 542
79 - - 893973652 "GET /english/history/images/history_hm_bg2.jpg HTTP/1.0" 200 22515
79 - - 893973652 "GET /english/history/images/history_hm_header.gif HTTP/1.0" 200 688
2 - - 893973652 "GET /english/images/nav_home_off.gif HTTP/1.0" 200 828
1 - - 893973652 "GET /images/hm_day_e.gif HTTP/1.0" 200 499
70 - - 893973652 "GET /english/venues/cities/images/montpellier/18corum.gif HTTP/1.0" 200 650
66 - - 893973652 "GET /images/home_eng_button.gif HTTP/1.0" 200 1927
80 - - 893973652 "GET /english/news/player01.htm HTTP/1.0" 200 42591
79 - - 893973652 "GET /english/history/images/history_hm_3094.gif HTTP/1.0" 304 0
79 - - 893973652 "GET /english/history/images/history_hm_posters.jpg HTTP/1.0" 304 0
39 - - 893973652 "GET /english/history/past_cups/images/past_bracket_top.gif HTTP/1.1" 200 289
2 - - 893973652 "GET /english/images/nav_tickets_off.gif HTTP/1.0" 200 937
47 - - 893973652 "GET /images/s102380.gif HTTP/1.0" 304 0
6 - - 893973652 "GET /french/venues/cities/images/denis/16tradition.gif HTTP/1.0" 200 387
66 - - 893973652 "GET /images/home_sponsor.gif HTTP/1.0" 200 2491
70 - - 893973653 "GET /english/venues/cities/images/marseille/mars_t.gif HTTP/1.0" 200 353
73 - - 893973653 "GET /images/home_tool.gif HTTP/1.1" 200 327
81 - - 893973653 "GET / HTTP/1.0" 200 8712
5 - - 893973653 "GET /french/news/3004arge.htm HTTP/1.1" 200 4869
78 - - 893973653 "GET /english/venues/cities/images/marseille/mars_i.gif HTTP/1.0" 200 314
1 - - 893973653 "GET /images/hm_arw.gif HTTP/1.0" 200 1050
77 - - 893973653 "GET /english/images/comp_bu_stage2n.gif HTTP/1.0" 200 984
2 - - 893973653 "GET /english/images/nav_logo_sponsors.gif HTTP/1.0" 200 1991
62 - - 893973653 "GET /english/playing/images/fifa_logo_sm.gif HTTP/1.0" 200 2900
68 - - 893973653 "GET /english/venues/cities/images/marseille/mars_a.gif HTTP/1.0" 200 434
47 - - 893973653 "GET /images/s102320.gif HTTP/1.0" 304 0
3 - - 893973653 "GET /english/images/fpnewstop.gif HTTP/1.0" 200 568
1 - - 893973653 "GET /english/images/nav_venue_off.gif HTTP/1.0" 200 870
3 - - 893973653 "GET /english/images/news_btn_letter_off.gif HTTP/1.0" 200 852
47 - - 893973653 "GET /images/s102353.gif HTTP/1.0" 304 0
6 - - 893973653 "GET /french/venues/cities/images/denis/17commercial.gif HTTP/1.0" 200 614
57 - - 893973653 "GET /images/ligne.gif HTTP/1.0" 200 169
47 - - 893973653 "GET /images/s102329.gif HTTP/1.0" 304 0
3 - - 893973653 "GET /english/images/news_btn_kits_off.gif HTTP/1.0" 200 933
57 - - 893973653 "GET /images/ligne01.gif HTTP/1.0" 200 169
7 - - 893973653 "GET /english/playing/images/links.GIF HTTP/1.0" 200 1394
47 - - 893973653 "GET /images/s102377.gif HTTP/1.0" 304 0
47 - - 893973654 "GET /images/s102328.gif HTTP/1.0" 304 0
66 - - 893973654 "GET /images/home_fr_button.gif HTTP/1.0" 200 2140
47 - - 893973654 "GET /images/s102323.gif HTTP/1.0" 304 0
34 - - 893973654 "GET /english/history/images/history_hm_3094.gif HTTP/1.0" 200 1031
69 - - 893973654 "GET /english/history/history_of/images/cup/trophytxt.gif HTTP/1.0" 200 1425
6 - - 893973654 "GET /french/venues/cities/images/denis/19historical.gif HTTP/1.0" 200 616
57 - - 893973654 "GET /images/base.gif HTTP/1.0" 200 366
79 - - 893973654 "GET /english/history/images/history_hm_nav.gif HTTP/1.0" 304 0
47 - - 893973654 "GET /english/images/team_group_header_f.gif HTTP/1.0" 304 0
6 - - 893973654 "GET /french/venues/cities/images/denis/18collect.gif HTTP/1.0" 200 714
47 - - 893973654 "GET /images/s102442.gif HTTP/1.0" 304 0
34 - - 893973655 "GET /english/history/images/history_hm_nav.gif HTTP/1.0" 200 18328
